This is pdfTeX, Version 3.141592653-2.6-1.40.22 (TeX Live 2021) (preloaded format=pdflatex 2021.6.5)  5 JUN 2021 16:01
entering extended mode
 restricted \write18 enabled.
 %&-line parsing enabled.
**authors_leaffeatures.tex
(./authors_leaffeatures.tex
LaTeX2e <2021-06-01>
L3 programming layer <2021-06-01>
(/Users/thiyangashaminitalagala/Library/TinyTeX/texmf-dist/tex/latex/base/artic
le.cls
Document Class: article 2021/02/12 v1.4n Standard LaTeX document class

(/Users/thiyangashaminitalagala/Library/TinyTeX/texmf-dist/tex/latex/base/size1
0.clo
File: size10.clo 2021/02/12 v1.4n Standard LaTeX file (size option)
)
\c@part=\count182
\c@section=\count183
\c@subsection=\count184
\c@subsubsection=\count185
\c@paragraph=\count186
\c@subparagraph=\count187
\c@figure=\count188
\c@table=\count189
\abovecaptionskip=\skip47
\belowcaptionskip=\skip48
\bibindent=\dimen138
) (./arxiv.sty
(/Users/thiyangashaminitalagala/Library/TinyTeX/texmf-dist/tex/latex/geometry/g
eometry.sty
Package: geometry 2020/01/02 v5.9 Page Geometry

(/Users/thiyangashaminitalagala/Library/TinyTeX/texmf-dist/tex/latex/graphics/k
eyval.sty
Package: keyval 2014/10/28 v1.15 key=value parser (DPC)
\KV@toks@=\toks16
)
(/Users/thiyangashaminitalagala/Library/TinyTeX/texmf-dist/tex/generic/iftex/if
vtex.sty
Package: ifvtex 2019/10/25 v1.7 ifvtex legacy package. Use iftex instead.

(/Users/thiyangashaminitalagala/Library/TinyTeX/texmf-dist/tex/generic/iftex/if
tex.sty
Package: iftex 2020/03/06 v1.0d TeX engine tests
))
\Gm@cnth=\count190
\Gm@cntv=\count191
\c@Gm@tempcnt=\count192
\Gm@bindingoffset=\dimen139
\Gm@wd@mp=\dimen140
\Gm@odd@mp=\dimen141
\Gm@even@mp=\dimen142
\Gm@layoutwidth=\dimen143
\Gm@layoutheight=\dimen144
\Gm@layouthoffset=\dimen145
\Gm@layoutvoffset=\dimen146
\Gm@dimlist=\toks17
)
(/Users/thiyangashaminitalagala/Library/TinyTeX/texmf-dist/tex/latex/fancyhdr/f
ancyhdr.sty
Package: fancyhdr 2021/01/28 v4.0.1 Extensive control of page headers and foote
rs
\f@nch@headwidth=\skip49
\f@nch@O@elh=\skip50
\f@nch@O@erh=\skip51
\f@nch@O@olh=\skip52
\f@nch@O@orh=\skip53
\f@nch@O@elf=\skip54
\f@nch@O@erf=\skip55
\f@nch@O@olf=\skip56
\f@nch@O@orf=\skip57
)
\@abovecaptionskip=\skip58
\@belowcaptionskip=\skip59
)
(/Users/thiyangashaminitalagala/Library/TinyTeX/texmf-dist/tex/latex/base/input
enc.sty
Package: inputenc 2021/02/14 v1.3d Input encoding file
\inpenc@prehook=\toks18
\inpenc@posthook=\toks19
)
(/Users/thiyangashaminitalagala/Library/TinyTeX/texmf-dist/tex/latex/base/fonte
nc.sty
Package: fontenc 2021/04/29 v2.0v Standard LaTeX package
LaTeX Font Info:    Trying to load font information for T1+ptm on input line 11
2.

(/Users/thiyangashaminitalagala/Library/TinyTeX/texmf-dist/tex/latex/psnfss/t1p
tm.fd
File: t1ptm.fd 2001/06/04 font definitions for T1/ptm.
))
(/Users/thiyangashaminitalagala/Library/TinyTeX/texmf-dist/tex/latex/lm/lmodern
.sty
Package: lmodern 2015/05/01 v1.6.1 Latin Modern Fonts
LaTeX Font Info:    Overwriting symbol font `operators' in version `normal'
(Font)                  OT1/cmr/m/n --> OT1/lmr/m/n on input line 22.
LaTeX Font Info:    Overwriting symbol font `letters' in version `normal'
(Font)                  OML/cmm/m/it --> OML/lmm/m/it on input line 23.
LaTeX Font Info:    Overwriting symbol font `symbols' in version `normal'
(Font)                  OMS/cmsy/m/n --> OMS/lmsy/m/n on input line 24.
LaTeX Font Info:    Overwriting symbol font `largesymbols' in version `normal'
(Font)                  OMX/cmex/m/n --> OMX/lmex/m/n on input line 25.
LaTeX Font Info:    Overwriting symbol font `operators' in version `bold'
(Font)                  OT1/cmr/bx/n --> OT1/lmr/bx/n on input line 26.
LaTeX Font Info:    Overwriting symbol font `letters' in version `bold'
(Font)                  OML/cmm/b/it --> OML/lmm/b/it on input line 27.
LaTeX Font Info:    Overwriting symbol font `symbols' in version `bold'
(Font)                  OMS/cmsy/b/n --> OMS/lmsy/b/n on input line 28.
LaTeX Font Info:    Overwriting symbol font `largesymbols' in version `bold'
(Font)                  OMX/cmex/m/n --> OMX/lmex/m/n on input line 29.
LaTeX Font Info:    Overwriting math alphabet `\mathbf' in version `normal'
(Font)                  OT1/cmr/bx/n --> OT1/lmr/bx/n on input line 31.
LaTeX Font Info:    Overwriting math alphabet `\mathsf' in version `normal'
(Font)                  OT1/cmss/m/n --> OT1/lmss/m/n on input line 32.
LaTeX Font Info:    Overwriting math alphabet `\mathit' in version `normal'
(Font)                  OT1/cmr/m/it --> OT1/lmr/m/it on input line 33.
LaTeX Font Info:    Overwriting math alphabet `\mathtt' in version `normal'
(Font)                  OT1/cmtt/m/n --> OT1/lmtt/m/n on input line 34.
LaTeX Font Info:    Overwriting math alphabet `\mathbf' in version `bold'
(Font)                  OT1/cmr/bx/n --> OT1/lmr/bx/n on input line 35.
LaTeX Font Info:    Overwriting math alphabet `\mathsf' in version `bold'
(Font)                  OT1/cmss/bx/n --> OT1/lmss/bx/n on input line 36.
LaTeX Font Info:    Overwriting math alphabet `\mathit' in version `bold'
(Font)                  OT1/cmr/bx/it --> OT1/lmr/bx/it on input line 37.
LaTeX Font Info:    Overwriting math alphabet `\mathtt' in version `bold'
(Font)                  OT1/cmtt/m/n --> OT1/lmtt/m/n on input line 38.
)
(/Users/thiyangashaminitalagala/Library/TinyTeX/texmf-dist/tex/latex/hyperref/h
yperref.sty
Package: hyperref 2021-02-27 v7.00k Hypertext links for LaTeX

(/Users/thiyangashaminitalagala/Library/TinyTeX/texmf-dist/tex/generic/ltxcmds/
ltxcmds.sty
Package: ltxcmds 2020-05-10 v1.25 LaTeX kernel commands for general use (HO)
)
(/Users/thiyangashaminitalagala/Library/TinyTeX/texmf-dist/tex/generic/pdftexcm
ds/pdftexcmds.sty
Package: pdftexcmds 2020-06-27 v0.33 Utility functions of pdfTeX for LuaTeX (HO
)

(/Users/thiyangashaminitalagala/Library/TinyTeX/texmf-dist/tex/generic/infwarer
r/infwarerr.sty
Package: infwarerr 2019/12/03 v1.5 Providing info/warning/error messages (HO)
)
Package pdftexcmds Info: \pdf@primitive is available.
Package pdftexcmds Info: \pdf@ifprimitive is available.
Package pdftexcmds Info: \pdfdraftmode found.
)
(/Users/thiyangashaminitalagala/Library/TinyTeX/texmf-dist/tex/generic/kvsetkey
s/kvsetkeys.sty
Package: kvsetkeys 2019/12/15 v1.18 Key value parser (HO)
)
(/Users/thiyangashaminitalagala/Library/TinyTeX/texmf-dist/tex/generic/kvdefine
keys/kvdefinekeys.sty
Package: kvdefinekeys 2019-12-19 v1.6 Define keys (HO)
)
(/Users/thiyangashaminitalagala/Library/TinyTeX/texmf-dist/tex/generic/pdfescap
e/pdfescape.sty
Package: pdfescape 2019/12/09 v1.15 Implements pdfTeX's escape features (HO)
)
(/Users/thiyangashaminitalagala/Library/TinyTeX/texmf-dist/tex/latex/hycolor/hy
color.sty
Package: hycolor 2020-01-27 v1.10 Color options for hyperref/bookmark (HO)
)
(/Users/thiyangashaminitalagala/Library/TinyTeX/texmf-dist/tex/latex/letltxmacr
o/letltxmacro.sty
Package: letltxmacro 2019/12/03 v1.6 Let assignment for LaTeX macros (HO)
)
(/Users/thiyangashaminitalagala/Library/TinyTeX/texmf-dist/tex/latex/auxhook/au
xhook.sty
Package: auxhook 2019-12-17 v1.6 Hooks for auxiliary files (HO)
)
(/Users/thiyangashaminitalagala/Library/TinyTeX/texmf-dist/tex/latex/kvoptions/
kvoptions.sty
Package: kvoptions 2020-10-07 v3.14 Key value format for package options (HO)
)
\@linkdim=\dimen147
\Hy@linkcounter=\count193
\Hy@pagecounter=\count194

(/Users/thiyangashaminitalagala/Library/TinyTeX/texmf-dist/tex/latex/hyperref/p
d1enc.def
File: pd1enc.def 2021-02-27 v7.00k Hyperref: PDFDocEncoding definition (HO)
Now handling font encoding PD1 ...
... no UTF-8 mapping file for font encoding PD1
)
(/Users/thiyangashaminitalagala/Library/TinyTeX/texmf-dist/tex/latex/hyperref/h
yperref-langpatches.def
File: hyperref-langpatches.def 2021-02-27 v7.00k Hyperref: patches for babel la
nguages
)
(/Users/thiyangashaminitalagala/Library/TinyTeX/texmf-dist/tex/generic/intcalc/
intcalc.sty
Package: intcalc 2019/12/15 v1.3 Expandable calculations with integers (HO)
)
(/Users/thiyangashaminitalagala/Library/TinyTeX/texmf-dist/tex/generic/etexcmds
/etexcmds.sty
Package: etexcmds 2019/12/15 v1.7 Avoid name clashes with e-TeX commands (HO)
)
\Hy@SavedSpaceFactor=\count195

(/Users/thiyangashaminitalagala/Library/TinyTeX/texmf-dist/tex/latex/hyperref/p
uenc.def
File: puenc.def 2021-02-27 v7.00k Hyperref: PDF Unicode definition (HO)
Now handling font encoding PU ...
... no UTF-8 mapping file for font encoding PU
)
Package hyperref Info: Hyper figures OFF on input line 4192.
Package hyperref Info: Link nesting OFF on input line 4197.
Package hyperref Info: Hyper index ON on input line 4200.
Package hyperref Info: Plain pages OFF on input line 4207.
Package hyperref Info: Backreferencing OFF on input line 4212.
Package hyperref Info: Implicit mode ON; LaTeX internals redefined.
Package hyperref Info: Bookmarks ON on input line 4445.
\c@Hy@tempcnt=\count196

(/Users/thiyangashaminitalagala/Library/TinyTeX/texmf-dist/tex/latex/url/url.st
y
\Urlmuskip=\muskip16
Package: url 2013/09/16  ver 3.4  Verb mode for urls, etc.
)
LaTeX Info: Redefining \url on input line 4804.
\XeTeXLinkMargin=\dimen148

(/Users/thiyangashaminitalagala/Library/TinyTeX/texmf-dist/tex/generic/bitset/b
itset.sty
Package: bitset 2019/12/09 v1.3 Handle bit-vector datatype (HO)

(/Users/thiyangashaminitalagala/Library/TinyTeX/texmf-dist/tex/generic/bigintca
lc/bigintcalc.sty
Package: bigintcalc 2019/12/15 v1.5 Expandable calculations on big integers (HO
)
))
\Fld@menulength=\count197
\Field@Width=\dimen149
\Fld@charsize=\dimen150
Package hyperref Info: Hyper figures OFF on input line 6075.
Package hyperref Info: Link nesting OFF on input line 6080.
Package hyperref Info: Hyper index ON on input line 6083.
Package hyperref Info: backreferencing OFF on input line 6090.
Package hyperref Info: Link coloring OFF on input line 6095.
Package hyperref Info: Link coloring with OCG OFF on input line 6100.
Package hyperref Info: PDF/A mode OFF on input line 6105.
LaTeX Info: Redefining \ref on input line 6145.
LaTeX Info: Redefining \pageref on input line 6149.

(/Users/thiyangashaminitalagala/Library/TinyTeX/texmf-dist/tex/latex/base/atbeg
shi-ltx.sty
Package: atbegshi-ltx 2021/01/10 v1.0c Emulation of the original atbegshi
package with kernel methods
)
\Hy@abspage=\count198
\c@Item=\count199
\c@Hfootnote=\count266
)
Package hyperref Info: Driver (autodetected): hpdftex.

(/Users/thiyangashaminitalagala/Library/TinyTeX/texmf-dist/tex/latex/hyperref/h
pdftex.def
File: hpdftex.def 2021-02-27 v7.00k Hyperref driver for pdfTeX

(/Users/thiyangashaminitalagala/Library/TinyTeX/texmf-dist/tex/latex/base/atver
yend-ltx.sty
Package: atveryend-ltx 2020/08/19 v1.0a Emulation of the original atvery packag
e
with kernel methods
)
\Fld@listcount=\count267
\c@bookmark@seq@number=\count268

(/Users/thiyangashaminitalagala/Library/TinyTeX/texmf-dist/tex/latex/rerunfilec
heck/rerunfilecheck.sty
Package: rerunfilecheck 2019/12/05 v1.9 Rerun checks for auxiliary files (HO)

(/Users/thiyangashaminitalagala/Library/TinyTeX/texmf-dist/tex/generic/uniqueco
unter/uniquecounter.sty
Package: uniquecounter 2019/12/15 v1.4 Provide unlimited unique counter (HO)
)
Package uniquecounter Info: New unique counter `rerunfilecheck' on input line 2
86.
)
\Hy@SectionHShift=\skip60
)
(/Users/thiyangashaminitalagala/Library/TinyTeX/texmf-dist/tex/latex/booktabs/b
ooktabs.sty
Package: booktabs 2020/01/12 v1.61803398 Publication quality tables
\heavyrulewidth=\dimen151
\lightrulewidth=\dimen152
\cmidrulewidth=\dimen153
\belowrulesep=\dimen154
\belowbottomsep=\dimen155
\aboverulesep=\dimen156
\abovetopsep=\dimen157
\cmidrulesep=\dimen158
\cmidrulekern=\dimen159
\defaultaddspace=\dimen160
\@cmidla=\count269
\@cmidlb=\count270
\@aboverulesep=\dimen161
\@belowrulesep=\dimen162
\@thisruleclass=\count271
\@lastruleclass=\count272
\@thisrulewidth=\dimen163
)
(/Users/thiyangashaminitalagala/Library/TinyTeX/texmf-dist/tex/latex/amsfonts/a
msfonts.sty
Package: amsfonts 2013/01/14 v3.01 Basic AMSFonts support
\@emptytoks=\toks20
\symAMSa=\mathgroup4
\symAMSb=\mathgroup5
LaTeX Font Info:    Redeclaring math symbol \hbar on input line 98.
LaTeX Font Info:    Overwriting math alphabet `\mathfrak' in version `bold'
(Font)                  U/euf/m/n --> U/euf/b/n on input line 106.
)
(/Users/thiyangashaminitalagala/Library/TinyTeX/texmf-dist/tex/latex/units/nice
frac.sty
Package: nicefrac 1998/08/04 v0.9b Nice fractions
\L@UnitsRaiseDisplaystyle=\skip61
\L@UnitsRaiseTextstyle=\skip62
\L@UnitsRaiseScriptstyle=\skip63

(/Users/thiyangashaminitalagala/Library/TinyTeX/texmf-dist/tex/latex/base/ifthe
n.sty
Package: ifthen 2020/11/24 v1.1c Standard LaTeX ifthen package (DPC)
))
(/Users/thiyangashaminitalagala/Library/TinyTeX/texmf-dist/tex/latex/microtype/
microtype.sty
Package: microtype 2021/03/14 v2.8c Micro-typographical refinements (RS)
\MT@toks=\toks21
\MT@count=\count273
LaTeX Info: Redefining \textls on input line 790.
\MT@outer@kern=\dimen164
LaTeX Info: Redefining \textmicrotypecontext on input line 1374.
\MT@listname@count=\count274

(/Users/thiyangashaminitalagala/Library/TinyTeX/texmf-dist/tex/latex/microtype/
microtype-pdftex.def
File: microtype-pdftex.def 2021/03/14 v2.8c Definitions specific to pdftex (RS)

LaTeX Info: Redefining \lsstyle on input line 915.
LaTeX Info: Redefining \lslig on input line 915.
\MT@outer@space=\skip64
)
Package microtype Info: Loading configuration file microtype.cfg.

(/Users/thiyangashaminitalagala/Library/TinyTeX/texmf-dist/tex/latex/microtype/
microtype.cfg
File: microtype.cfg 2021/03/14 v2.8c microtype main configuration file (RS)
))
(/Users/thiyangashaminitalagala/Library/TinyTeX/texmf-dist/tex/latex/lipsum/lip
sum.sty
(/Users/thiyangashaminitalagala/Library/TinyTeX/texmf-dist/tex/latex/l3kernel/e
xpl3.sty
Package: expl3 2021-06-01 L3 programming layer (loader) 

(/Users/thiyangashaminitalagala/Library/TinyTeX/texmf-dist/tex/latex/l3backend/
l3backend-pdftex.def
File: l3backend-pdftex.def 2021-05-07 L3 backend support: PDF output (pdfTeX)
\l__color_backend_stack_int=\count275
\l__pdf_internal_box=\box50
))
(/Users/thiyangashaminitalagala/Library/TinyTeX/texmf-dist/tex/latex/l3packages
/xparse/xparse.sty
Package: xparse 2021-06-01 L3 Experimental document command parser
)
Package: lipsum 2021-03-03 v2.3 150 paragraphs of Lorem Ipsum dummy text

(/Users/thiyangashaminitalagala/Library/TinyTeX/texmf-dist/tex/latex/lipsum/lip
sum.ltd.tex
File: lipsum.ltd.tex 2021-03-03 v2.3 The Lorem ipsum dummy text
))
(/Users/thiyangashaminitalagala/Library/TinyTeX/texmf-dist/tex/latex/graphics/g
raphicx.sty
Package: graphicx 2020/12/05 v1.2c Enhanced LaTeX Graphics (DPC,SPQR)

(/Users/thiyangashaminitalagala/Library/TinyTeX/texmf-dist/tex/latex/graphics/g
raphics.sty
Package: graphics 2021/03/04 v1.4d Standard LaTeX Graphics (DPC,SPQR)

(/Users/thiyangashaminitalagala/Library/TinyTeX/texmf-dist/tex/latex/graphics/t
rig.sty
Package: trig 2016/01/03 v1.10 sin cos tan (DPC)
)
(/Users/thiyangashaminitalagala/Library/TinyTeX/texmf-dist/tex/latex/graphics-c
fg/graphics.cfg
File: graphics.cfg 2016/06/04 v1.11 sample graphics configuration
)
Package graphics Info: Driver file: pdftex.def on input line 107.

(/Users/thiyangashaminitalagala/Library/TinyTeX/texmf-dist/tex/latex/graphics-d
ef/pdftex.def
File: pdftex.def 2020/10/05 v1.2a Graphics/color driver for pdftex
))
\Gin@req@height=\dimen165
\Gin@req@width=\dimen166
)
(/Users/thiyangashaminitalagala/Library/TinyTeX/texmf-dist/tex/latex/tools/long
table.sty
Package: longtable 2021-05-07 v4.16 Multi-page Table package (DPC)
\LTleft=\skip65
\LTright=\skip66
\LTpre=\skip67
\LTpost=\skip68
\LTchunksize=\count276
\LTcapwidth=\dimen167
\LT@head=\box51
\LT@firsthead=\box52
\LT@foot=\box53
\LT@lastfoot=\box54
\LT@gbox=\box55
\LT@cols=\count277
\LT@rows=\count278
\c@LT@tables=\count279
\c@LT@chunks=\count280
\LT@p@ftn=\toks22
)
(/Users/thiyangashaminitalagala/Library/TinyTeX/texmf-dist/tex/latex/amsmath/am
smath.sty
Package: amsmath 2021/04/20 v2.17j AMS math features
\@mathmargin=\skip69
For additional information on amsmath, use the `?' option.

(/Users/thiyangashaminitalagala/Library/TinyTeX/texmf-dist/tex/latex/amsmath/am
stext.sty
Package: amstext 2000/06/29 v2.01 AMS text

(/Users/thiyangashaminitalagala/Library/TinyTeX/texmf-dist/tex/latex/amsmath/am
sgen.sty
File: amsgen.sty 1999/11/30 v2.0 generic functions
\@emptytoks=\toks23
\ex@=\dimen168
))
(/Users/thiyangashaminitalagala/Library/TinyTeX/texmf-dist/tex/latex/amsmath/am
sbsy.sty
Package: amsbsy 1999/11/29 v1.2d Bold Symbols
\pmbraise@=\dimen169
)
(/Users/thiyangashaminitalagala/Library/TinyTeX/texmf-dist/tex/latex/amsmath/am
sopn.sty
Package: amsopn 2016/03/08 v2.02 operator names
)
\inf@bad=\count281
LaTeX Info: Redefining \frac on input line 234.
\uproot@=\count282
\leftroot@=\count283
LaTeX Info: Redefining \overline on input line 399.
\classnum@=\count284
\DOTSCASE@=\count285
LaTeX Info: Redefining \ldots on input line 496.
LaTeX Info: Redefining \dots on input line 499.
LaTeX Info: Redefining \cdots on input line 620.
\Mathstrutbox@=\box56
\strutbox@=\box57
\big@size=\dimen170
LaTeX Font Info:    Redeclaring font encoding OML on input line 743.
LaTeX Font Info:    Redeclaring font encoding OMS on input line 744.
\macc@depth=\count286
\c@MaxMatrixCols=\count287
\dotsspace@=\muskip17
\c@parentequation=\count288
\dspbrk@lvl=\count289
\tag@help=\toks24
\row@=\count290
\column@=\count291
\maxfields@=\count292
\andhelp@=\toks25
\eqnshift@=\dimen171
\alignsep@=\dimen172
\tagshift@=\dimen173
\tagwidth@=\dimen174
\totwidth@=\dimen175
\lineht@=\dimen176
\@envbody=\toks26
\multlinegap=\skip70
\multlinetaggap=\skip71
\mathdisplay@stack=\toks27
LaTeX Info: Redefining \[ on input line 2923.
LaTeX Info: Redefining \] on input line 2924.
)
(/Users/thiyangashaminitalagala/Library/TinyTeX/texmf-dist/tex/latex/subfig/sub
fig.sty
Package: subfig 2005/06/28 ver: 1.3 subfig package

(/Users/thiyangashaminitalagala/Library/TinyTeX/texmf-dist/tex/latex/caption/ca
ption.sty
Package: caption 2020/10/26 v3.5g Customizing captions (AR)

(/Users/thiyangashaminitalagala/Library/TinyTeX/texmf-dist/tex/latex/caption/ca
ption3.sty
Package: caption3 2020/10/21 v2.2e caption3 kernel (AR)
\captionmargin=\dimen177
\captionmargin@=\dimen178
\captionwidth=\dimen179
\caption@tempdima=\dimen180
\caption@indent=\dimen181
\caption@parindent=\dimen182
\caption@hangindent=\dimen183
Package caption Info: Standard document class detected.
)
\c@caption@flags=\count293
\c@continuedfloat=\count294
Package caption Info: hyperref package is loaded.
Package caption Info: longtable package is loaded.

(/Users/thiyangashaminitalagala/Library/TinyTeX/texmf-dist/tex/latex/caption/lt
caption.sty
Package: ltcaption 2020/05/30 v1.4b longtable captions (AR)
))
\c@KVtest=\count295
\sf@farskip=\skip72
\sf@captopadj=\dimen184
\sf@capskip=\skip73
\sf@nearskip=\skip74
\c@subfigure=\count296
\c@subfigure@save=\count297
\c@lofdepth=\count298
\c@subtable=\count299
\c@subtable@save=\count300
\c@lotdepth=\count301
\sf@top=\skip75
\sf@bottom=\skip76
)
LaTeX Font Info:    Trying to load font information for T1+lmr on input line 44
.

(/Users/thiyangashaminitalagala/Library/TinyTeX/texmf-dist/tex/latex/lm/t1lmr.f
d
File: t1lmr.fd 2015/05/01 v1.6.1 Font defs for Latin Modern
)
No file authors_leaffeatures.aux.
\openout1 = `authors_leaffeatures.aux'.

LaTeX Font Info:    Checking defaults for OML/cmm/m/it on input line 44.
LaTeX Font Info:    ... okay on input line 44.
LaTeX Font Info:    Checking defaults for OMS/cmsy/m/n on input line 44.
LaTeX Font Info:    ... okay on input line 44.
LaTeX Font Info:    Checking defaults for OT1/cmr/m/n on input line 44.
LaTeX Font Info:    ... okay on input line 44.
LaTeX Font Info:    Checking defaults for T1/cmr/m/n on input line 44.
LaTeX Font Info:    ... okay on input line 44.
LaTeX Font Info:    Checking defaults for TS1/cmr/m/n on input line 44.
LaTeX Font Info:    ... okay on input line 44.
LaTeX Font Info:    Checking defaults for OMX/cmex/m/n on input line 44.
LaTeX Font Info:    ... okay on input line 44.
LaTeX Font Info:    Checking defaults for U/cmr/m/n on input line 44.
LaTeX Font Info:    ... okay on input line 44.
LaTeX Font Info:    Checking defaults for PD1/pdf/m/n on input line 44.
LaTeX Font Info:    ... okay on input line 44.
LaTeX Font Info:    Checking defaults for PU/pdf/m/n on input line 44.
LaTeX Font Info:    ... okay on input line 44.
*geometry* driver: auto-detecting
*geometry* detected driver: pdftex
*geometry* verbose mode - [ preamble ] result:
* driver: pdftex
* paper: letterpaper
* layout: <same size as paper>
* layoutoffset:(h,v)=(0.0pt,0.0pt)
* modes: 
* h-part:(L,W,R)=(92.14519pt, 430.00462pt, 92.14519pt)
* v-part:(T,H,B)=(95.39737pt, 556.47656pt, 143.09605pt)
* \paperwidth=614.295pt
* \paperheight=794.96999pt
* \textwidth=430.00462pt
* \textheight=556.47656pt
* \oddsidemargin=19.8752pt
* \evensidemargin=19.8752pt
* \topmargin=-13.87262pt
* \headheight=12.0pt
* \headsep=25.0pt
* \topskip=10.0pt
* \footskip=30.0pt
* \marginparwidth=65.0pt
* \marginparsep=11.0pt
* \columnsep=10.0pt
* \skip\footins=9.0pt plus 4.0pt minus 2.0pt
* \hoffset=0.0pt
* \voffset=0.0pt
* \mag=1000
* \@twocolumnfalse
* \@twosidefalse
* \@mparswitchfalse
* \@reversemarginfalse
* (1in=72.27pt=25.4mm, 1cm=28.453pt)

*geometry* verbose mode - [ newgeometry ] result:
* driver: pdftex
* paper: letterpaper
* layout: <same size as paper>
* layoutoffset:(h,v)=(0.0pt,0.0pt)
* modes: 
* h-part:(L,W,R)=(72.27pt, 469.75499pt, 72.27pt)
* v-part:(T,H,B)=(72.26999pt, 650.43pt, 72.27pt)
* \paperwidth=614.295pt
* \paperheight=794.96999pt
* \textwidth=469.75499pt
* \textheight=650.43pt
* \oddsidemargin=0.00002pt
* \evensidemargin=0.00002pt
* \topmargin=-39.0pt
* \headheight=14.0pt
* \headsep=25.0pt
* \topskip=10.0pt
* \footskip=30.0pt
* \marginparwidth=65.0pt
* \marginparsep=11.0pt
* \columnsep=10.0pt
* \skip\footins=9.0pt plus 4.0pt minus 2.0pt
* \hoffset=0.0pt
* \voffset=0.0pt
* \mag=1000
* \@twocolumnfalse
* \@twosidefalse
* \@mparswitchfalse
* \@reversemarginfalse
* (1in=72.27pt=25.4mm, 1cm=28.453pt)

Package hyperref Info: Link coloring OFF on input line 44.

(/Users/thiyangashaminitalagala/Library/TinyTeX/texmf-dist/tex/latex/hyperref/n
ameref.sty
Package: nameref 2021-04-02 v2.47 Cross-referencing by name of section

(/Users/thiyangashaminitalagala/Library/TinyTeX/texmf-dist/tex/latex/refcount/r
efcount.sty
Package: refcount 2019/12/15 v3.6 Data extraction from label references (HO)
)
(/Users/thiyangashaminitalagala/Library/TinyTeX/texmf-dist/tex/generic/gettitle
string/gettitlestring.sty
Package: gettitlestring 2019/12/15 v1.6 Cleanup title references (HO)
)
\c@section@level=\count302
)
LaTeX Info: Redefining \ref on input line 44.
LaTeX Info: Redefining \pageref on input line 44.
LaTeX Info: Redefining \nameref on input line 44.
\@outlinefile=\write3
\openout3 = `authors_leaffeatures.out'.

LaTeX Info: Redefining \microtypecontext on input line 44.
Package microtype Info: Generating PDF output.
Package microtype Info: Character protrusion enabled (level 2).
Package microtype Info: Using default protrusion set `alltext'.
Package microtype Info: Automatic font expansion enabled (level 2),
(microtype)             stretch: 20, shrink: 20, step: 1, non-selected.
Package microtype Info: Using default expansion set `alltext-nott'.
LaTeX Info: Redefining \showhyphens on input line 44.
Package microtype Info: No adjustment of tracking.
Package microtype Info: No adjustment of interword spacing.
Package microtype Info: No adjustment of character kerning.

(/Users/thiyangashaminitalagala/Library/TinyTeX/texmf-dist/tex/latex/microtype/
mt-cmr.cfg
File: mt-cmr.cfg 2013/05/19 v2.2 microtype config. file: Computer Modern Roman 
(RS)
)
(/Users/thiyangashaminitalagala/Library/TinyTeX/texmf-dist/tex/latex/epstopdf-p
kg/epstopdf-base.sty
Package: epstopdf-base 2020-01-24 v2.11 Base part for package epstopdf
Package epstopdf-base Info: Redefining graphics rule for `.eps' on input line 4
85.

(/Users/thiyangashaminitalagala/Library/TinyTeX/texmf-dist/tex/latex/latexconfi
g/epstopdf-sys.cfg
File: epstopdf-sys.cfg 2010/07/13 v1.3 Configuration of (r)epstopdf for TeX Liv
e
))
Package caption Info: Begin \AtBeginDocument code.
Package caption Info: subfig package v1.3 is loaded.
Package caption Info: End \AtBeginDocument code.
Package microtype Info: Character `029' is missing
(microtype)             in font `T1/lmr/m/sc/17.28'.
(microtype)             Ignoring protrusion settings for this character.
Package microtype Info: Character `029' is missing
(microtype)             in font `T1/lmr/m/sc/10'.
(microtype)             Ignoring protrusion settings for this character.
LaTeX Font Info:    Trying to load font information for OT1+lmr on input line 4
6.

(/Users/thiyangashaminitalagala/Library/TinyTeX/texmf-dist/tex/latex/lm/ot1lmr.
fd
File: ot1lmr.fd 2015/05/01 v1.6.1 Font defs for Latin Modern
)
LaTeX Font Info:    Trying to load font information for OML+lmm on input line 4
6.

(/Users/thiyangashaminitalagala/Library/TinyTeX/texmf-dist/tex/latex/lm/omllmm.
fd
File: omllmm.fd 2015/05/01 v1.6.1 Font defs for Latin Modern
)
LaTeX Font Info:    Trying to load font information for OMS+lmsy on input line 
46.

(/Users/thiyangashaminitalagala/Library/TinyTeX/texmf-dist/tex/latex/lm/omslmsy
.fd
File: omslmsy.fd 2015/05/01 v1.6.1 Font defs for Latin Modern
)
LaTeX Font Info:    Trying to load font information for OMX+lmex on input line 
46.

(/Users/thiyangashaminitalagala/Library/TinyTeX/texmf-dist/tex/latex/lm/omxlmex
.fd
File: omxlmex.fd 2015/05/01 v1.6.1 Font defs for Latin Modern
)
LaTeX Font Info:    External font `lmex10' loaded for size
(Font)              <10> on input line 46.
LaTeX Font Info:    External font `lmex10' loaded for size
(Font)              <7> on input line 46.
LaTeX Font Info:    External font `lmex10' loaded for size
(Font)              <5> on input line 46.
LaTeX Font Info:    Trying to load font information for U+msa on input line 46.


(/Users/thiyangashaminitalagala/Library/TinyTeX/texmf-dist/tex/latex/amsfonts/u
msa.fd
File: umsa.fd 2013/01/14 v3.01 AMS symbols A
)
(/Users/thiyangashaminitalagala/Library/TinyTeX/texmf-dist/tex/latex/microtype/
mt-msa.cfg
File: mt-msa.cfg 2006/02/04 v1.1 microtype config. file: AMS symbols (a) (RS)
)
LaTeX Font Info:    Trying to load font information for U+msb on input line 46.


(/Users/thiyangashaminitalagala/Library/TinyTeX/texmf-dist/tex/latex/amsfonts/u
msb.fd
File: umsb.fd 2013/01/14 v3.01 AMS symbols B
)
(/Users/thiyangashaminitalagala/Library/TinyTeX/texmf-dist/tex/latex/microtype/
mt-msb.cfg
File: mt-msb.cfg 2005/06/01 v1.0 microtype config. file: AMS symbols (b) (RS)
)
LaTeX Font Info:    Trying to load font information for T1+lmtt on input line 4
6.

(/Users/thiyangashaminitalagala/Library/TinyTeX/texmf-dist/tex/latex/lm/t1lmtt.
fd
File: t1lmtt.fd 2015/05/01 v1.6.1 Font defs for Latin Modern
)
Package microtype Info: Loading generic protrusion settings for font family
(microtype)             `lmtt' (encoding: T1).
(microtype)             For optimal results, create family-specific settings.
(microtype)             See the microtype manual for details.
LaTeX Font Info:    External font `lmex10' loaded for size
(Font)              <9> on input line 46.
LaTeX Font Info:    External font `lmex10' loaded for size
(Font)              <6> on input line 46.

LaTeX Font Warning: Font shape `T1/lmr/bx/sc' undefined
(Font)              using `T1/lmr/bx/n' instead on input line 50.

[1


{/Users/thiyangashaminitalagala/Library/TinyTeX/texmf-var/fonts/map/pdftex/updm
ap/pdftex.map}]

LaTeX Warning: Reference `fig:test2' on page 2 undefined on input line 181.

</Users/thiyangashaminitalagala/Lecturer/Papers/Feature-Leaf/leaffeatures/Figur
es/fl5.png, id=23, 586.44093pt x 289.83281pt>
File: /Users/thiyangashaminitalagala/Lecturer/Papers/Feature-Leaf/leaffeatures/
Figures/fl5.png Graphic file (type png)
<use /Users/thiyangashaminitalagala/Lecturer/Papers/Feature-Leaf/leaffeatures/F
igures/fl5.png>
Package pdftex.def Info: /Users/thiyangashaminitalagala/Lecturer/Papers/Feature
-Leaf/leaffeatures/Figures/fl5.png  used on input line 190.
(pdftex.def)             Requested size: 234.87749pt x 116.08142pt.

LaTeX Warning: Reference `simplearra' on page 2 undefined on input line 198.


LaTeX Warning: Reference `alledge' on page 2 undefined on input line 202.

</Users/thiyangashaminitalagala/Lecturer/Papers/Feature-Leaf/leaffeatures/Figur
es/simple_leaf_parts.png, id=25, 349.305pt x 285.31593pt>
File: /Users/thiyangashaminitalagala/Lecturer/Papers/Feature-Leaf/leaffeatures/
Figures/simple_leaf_parts.png Graphic file (type png)
<use /Users/thiyangashaminitalagala/Lecturer/Papers/Feature-Leaf/leaffeatures/F
igures/simple_leaf_parts.png>
Package pdftex.def Info: /Users/thiyangashaminitalagala/Lecturer/Papers/Feature
-Leaf/leaffeatures/Figures/simple_leaf_parts.png  used on input line 206.
(pdftex.def)             Requested size: 234.87749pt x 191.85289pt.
</Users/thiyangashaminitalagala/Lecturer/Papers/Feature-Leaf/leaffeatures/Figur
es/alledge.png, id=26, 1096.095pt x 245.91875pt>
File: /Users/thiyangashaminitalagala/Lecturer/Papers/Feature-Leaf/leaffeatures/
Figures/alledge.png Graphic file (type png)
<use /Users/thiyangashaminitalagala/Lecturer/Papers/Feature-Leaf/leaffeatures/F
igures/alledge.png>
Package pdftex.def Info: /Users/thiyangashaminitalagala/Lecturer/Papers/Feature
-Leaf/leaffeatures/Figures/alledge.png  used on input line 215.
(pdftex.def)             Requested size: 375.80542pt x 84.31671pt.

Underfull \vbox (badness 10000) has occurred while \output is active []

[2] [3 </Users/thiyangashaminitalagala/Lecturer/Papers/Feature-Leaf/leaffeature
s/Figures/fl5.png> </Users/thiyangashaminitalagala/Lecturer/Papers/Feature-Leaf
/leaffeatures/Figures/simple_leaf_parts.png> </Users/thiyangashaminitalagala/Le
cturer/Papers/Feature-Leaf/leaffeatures/Figures/alledge.png>]

LaTeX Warning: Reference `fig:gau' on page 4 undefined on input line 273.

</Users/thiyangashaminitalagala/Lecturer/Papers/Feature-Leaf/leaffeatures/Figur
es/gau.png, id=47, 456.20438pt x 453.19313pt>
File: /Users/thiyangashaminitalagala/Lecturer/Papers/Feature-Leaf/leaffeatures/
Figures/gau.png Graphic file (type png)
<use /Users/thiyangashaminitalagala/Lecturer/Papers/Feature-Leaf/leaffeatures/F
igures/gau.png>
Package pdftex.def Info: /Users/thiyangashaminitalagala/Lecturer/Papers/Feature
-Leaf/leaffeatures/Figures/gau.png  used on input line 277.
(pdftex.def)             Requested size: 281.85585pt x 280.00179pt.

Underfull \vbox (badness 2103) has occurred while \output is active []

[4 </Users/thiyangashaminitalagala/Lecturer/Papers/Feature-Leaf/leaffeatures/Fi
gures/gau.png>]

LaTeX Warning: Reference `fig:otsu' on page 5 undefined on input line 352.

</Users/thiyangashaminitalagala/Lecturer/Papers/Feature-Leaf/leaffeatures/Figur
es/otsu.png, id=59, 612.03656pt x 447.17062pt>
File: /Users/thiyangashaminitalagala/Lecturer/Papers/Feature-Leaf/leaffeatures/
Figures/otsu.png Graphic file (type png)
<use /Users/thiyangashaminitalagala/Lecturer/Papers/Feature-Leaf/leaffeatures/F
igures/otsu.png>
Package pdftex.def Info: /Users/thiyangashaminitalagala/Lecturer/Papers/Feature
-Leaf/leaffeatures/Figures/otsu.png  used on input line 367.
(pdftex.def)             Requested size: 281.85585pt x 205.92615pt.
[5]
</Users/thiyangashaminitalagala/Lecturer/Papers/Feature-Leaf/leaffeatures/Figur
es/remove_stalk.png, id=70, 442.65375pt x 274.02374pt>
File: /Users/thiyangashaminitalagala/Lecturer/Papers/Feature-Leaf/leaffeatures/
Figures/remove_stalk.png Graphic file (type png)
<use /Users/thiyangashaminitalagala/Lecturer/Papers/Feature-Leaf/leaffeatures/F
igures/remove_stalk.png>
Package pdftex.def Info: /Users/thiyangashaminitalagala/Lecturer/Papers/Feature
-Leaf/leaffeatures/Figures/remove_stalk.png  used on input line 393.
(pdftex.def)             Requested size: 234.87749pt x 145.40332pt.

LaTeX Warning: Reference `fig:rst' on page 6 undefined on input line 403.


LaTeX Warning: Reference `fig:rstex' on page 6 undefined on input line 411.

</Users/thiyangashaminitalagala/Lecturer/Papers/Feature-Leaf/leaffeatures/Figur
es/rst.png, id=71, 530.73282pt x 305.64188pt>
File: /Users/thiyangashaminitalagala/Lecturer/Papers/Feature-Leaf/leaffeatures/
Figures/rst.png Graphic file (type png)
<use /Users/thiyangashaminitalagala/Lecturer/Papers/Feature-Leaf/leaffeatures/F
igures/rst.png>
Package pdftex.def Info: /Users/thiyangashaminitalagala/Lecturer/Papers/Feature
-Leaf/leaffeatures/Figures/rst.png  used on input line 417.
(pdftex.def)             Requested size: 234.87749pt x 135.26167pt.
[6 </Users/thiyangashaminitalagala/Lecturer/Papers/Feature-Leaf/leaffeatures/Fi
gures/otsu.png> </Users/thiyangashaminitalagala/Lecturer/Papers/Feature-Leaf/le
affeatures/Figures/remove_stalk.png>]
</Users/thiyangashaminitalagala/Lecturer/Papers/Feature-Leaf/leaffeatures/Figur
es/close_holes.png, id=84, 453.94594pt x 263.48438pt>
File: /Users/thiyangashaminitalagala/Lecturer/Papers/Feature-Leaf/leaffeatures/
Figures/close_holes.png Graphic file (type png)
<use /Users/thiyangashaminitalagala/Lecturer/Papers/Feature-Leaf/leaffeatures/F
igures/close_holes.png>
Package pdftex.def Info: /Users/thiyangashaminitalagala/Lecturer/Papers/Feature
-Leaf/leaffeatures/Figures/close_holes.png  used on input line 434.
(pdftex.def)             Requested size: 234.87749pt x 136.32918pt.

LaTeX Warning: Reference `fig:chl' on page 7 undefined on input line 442.

[7 </Users/thiyangashaminitalagala/Lecturer/Papers/Feature-Leaf/leaffeatures/Fi
gures/rst.png> </Users/thiyangashaminitalagala/Lecturer/Papers/Feature-Leaf/lea
ffeatures/Figures/close_holes.png>]
</Users/thiyangashaminitalagala/Lecturer/Papers/Feature-Leaf/leaffeatures/Figur
es/feature_hie.png, id=98, 532.99126pt x 200.24812pt>
File: /Users/thiyangashaminitalagala/Lecturer/Papers/Feature-Leaf/leaffeatures/
Figures/feature_hie.png Graphic file (type png)
<use /Users/thiyangashaminitalagala/Lecturer/Papers/Feature-Leaf/leaffeatures/F
igures/feature_hie.png>
Package pdftex.def Info: /Users/thiyangashaminitalagala/Lecturer/Papers/Feature
-Leaf/leaffeatures/Figures/feature_hie.png  used on input line 485.
(pdftex.def)             Requested size: 328.82706pt x 123.5445pt.

LaTeX Warning: Reference `img3' on page 8 undefined on input line 503.

</Users/thiyangashaminitalagala/Lecturer/Papers/Feature-Leaf/leaffeatures/Figur
es/geomatric_transformation.png, id=99, 664.73344pt x 339.51843pt>
File: /Users/thiyangashaminitalagala/Lecturer/Papers/Feature-Leaf/leaffeatures/
Figures/geomatric_transformation.png Graphic file (type png)
<use /Users/thiyangashaminitalagala/Lecturer/Papers/Feature-Leaf/leaffeatures/F
igures/geomatric_transformation.png>
Package pdftex.def Info: /Users/thiyangashaminitalagala/Lecturer/Papers/Feature
-Leaf/leaffeatures/Figures/geomatric_transformation.png  used on input line 509
.
(pdftex.def)             Requested size: 328.82706pt x 167.95074pt.

LaTeX Warning: Reference `cnt' on page 8 undefined on input line 517.

</Users/thiyangashaminitalagala/Lecturer/Papers/Feature-Leaf/leaffeatures/Figur
es/cnt.png, id=100, 268.00125pt x 143.78719pt>
File: /Users/thiyangashaminitalagala/Lecturer/Papers/Feature-Leaf/leaffeatures/
Figures/cnt.png Graphic file (type png)
<use /Users/thiyangashaminitalagala/Lecturer/Papers/Feature-Leaf/leaffeatures/F
igures/cnt.png>
Package pdftex.def Info: /Users/thiyangashaminitalagala/Lecturer/Papers/Feature
-Leaf/leaffeatures/Figures/cnt.png  used on input line 523.
(pdftex.def)             Requested size: 234.87749pt x 126.01532pt.

LaTeX Warning: Reference `fig:trans' on page 8 undefined on input line 532.

</Users/thiyangashaminitalagala/Lecturer/Papers/Feature-Leaf/leaffeatures/Figur
es/trans.jpg, id=101, 867.24pt x 1156.32pt>
File: /Users/thiyangashaminitalagala/Lecturer/Papers/Feature-Leaf/leaffeatures/
Figures/trans.jpg Graphic file (type jpg)
<use /Users/thiyangashaminitalagala/Lecturer/Papers/Feature-Leaf/leaffeatures/F
igures/trans.jpg>
Package pdftex.def Info: /Users/thiyangashaminitalagala/Lecturer/Papers/Feature
-Leaf/leaffeatures/Figures/trans.jpg  used on input line 539.
(pdftex.def)             Requested size: 93.94955pt x 125.25475pt.
</Users/thiyangashaminitalagala/Lecturer/Papers/Feature-Leaf/leaffeatures/Figur
es/scaling.jpg, id=102, 867.24pt x 1156.32pt>
File: /Users/thiyangashaminitalagala/Lecturer/Papers/Feature-Leaf/leaffeatures/
Figures/scaling.jpg Graphic file (type jpg)
<use /Users/thiyangashaminitalagala/Lecturer/Papers/Feature-Leaf/leaffeatures/F
igures/scaling.jpg>
Package pdftex.def Info: /Users/thiyangashaminitalagala/Lecturer/Papers/Feature
-Leaf/leaffeatures/Figures/scaling.jpg  used on input line 539.
(pdftex.def)             Requested size: 93.94955pt x 125.25475pt.
</Users/thiyangashaminitalagala/Lecturer/Papers/Feature-Leaf/leaffeatures/Figur
es/shape_chart.png, id=103, 529.22719pt x 271.76532pt>
File: /Users/thiyangashaminitalagala/Lecturer/Papers/Feature-Leaf/leaffeatures/
Figures/shape_chart.png Graphic file (type png)
<use /Users/thiyangashaminitalagala/Lecturer/Papers/Feature-Leaf/leaffeatures/F
igures/shape_chart.png>
Package pdftex.def Info: /Users/thiyangashaminitalagala/Lecturer/Papers/Feature
-Leaf/leaffeatures/Figures/shape_chart.png  used on input line 548.
(pdftex.def)             Requested size: 281.85585pt x 144.73573pt.

LaTeX Warning: Reference `scalimg4' on page 8 undefined on input line 560.

[8 </Users/thiyangashaminitalagala/Lecturer/Papers/Feature-Leaf/leaffeatures/Fi
gures/feature_hie.png> </Users/thiyangashaminitalagala/Lecturer/Papers/Feature-
Leaf/leaffeatures/Figures/geomatric_transformation.png>]

LaTeX Warning: Reference `equa_shape' on page 9 undefined on input line 575.


LaTeX Warning: Reference `shape1' on page 9 undefined on input line 577.

</Users/thiyangashaminitalagala/Lecturer/Papers/Feature-Leaf/leaffeatures/Figur
es/d_cal.png, id=114, 429.85594pt x 326.72063pt>
File: /Users/thiyangashaminitalagala/Lecturer/Papers/Feature-Leaf/leaffeatures/
Figures/d_cal.png Graphic file (type png)
<use /Users/thiyangashaminitalagala/Lecturer/Papers/Feature-Leaf/leaffeatures/F
igures/d_cal.png>
Package pdftex.def Info: /Users/thiyangashaminitalagala/Lecturer/Papers/Feature
-Leaf/leaffeatures/Figures/d_cal.png  used on input line 582.
(pdftex.def)             Requested size: 234.87749pt x 178.52533pt.
[9 </Users/thiyangashaminitalagala/Lecturer/Papers/Feature-Leaf/leaffeatures/Fi
gures/cnt.png> </Users/thiyangashaminitalagala/Lecturer/Papers/Feature-Leaf/lea
ffeatures/Figures/trans.jpg> </Users/thiyangashaminitalagala/Lecturer/Papers/Fe
ature-Leaf/leaffeatures/Figures/scaling.jpg> </Users/thiyangashaminitalagala/Le
cturer/Papers/Feature-Leaf/leaffeatures/Figures/shape_chart.png>]
</Users/thiyangashaminitalagala/Lecturer/Papers/Feature-Leaf/leaffeatures/Figur
es/act3.png, id=128, 353.06906pt x 267.24844pt>
File: /Users/thiyangashaminitalagala/Lecturer/Papers/Feature-Leaf/leaffeatures/
Figures/act3.png Graphic file (type png)
<use /Users/thiyangashaminitalagala/Lecturer/Papers/Feature-Leaf/leaffeatures/F
igures/act3.png>
Package pdftex.def Info: /Users/thiyangashaminitalagala/Lecturer/Papers/Feature
-Leaf/leaffeatures/Figures/act3.png  used on input line 606.
(pdftex.def)             Requested size: 140.92792pt x 106.67319pt.

LaTeX Warning: Reference `fig:act3' on page 10 undefined on input line 620.


LaTeX Warning: Reference `fig:act3' on page 10 undefined on input line 627.


LaTeX Warning: Reference `fig:act3' on page 10 undefined on input line 638.


LaTeX Warning: Reference `fig: bound' on page 10 undefined on input line 647.

[10 </Users/thiyangashaminitalagala/Lecturer/Papers/Feature-Leaf/leaffeatures/F
igures/d_cal.png> </Users/thiyangashaminitalagala/Lecturer/Papers/Feature-Leaf/
leaffeatures/Figures/act3.png>]
</Users/thiyangashaminitalagala/Lecturer/Papers/Feature-Leaf/leaffeatures/Figur
es/act1.png, id=143, 246.1697pt x 179.16937pt>
File: /Users/thiyangashaminitalagala/Lecturer/Papers/Feature-Leaf/leaffeatures/
Figures/act1.png Graphic file (type png)
<use /Users/thiyangashaminitalagala/Lecturer/Papers/Feature-Leaf/leaffeatures/F
igures/act1.png>
Package pdftex.def Info: /Users/thiyangashaminitalagala/Lecturer/Papers/Feature
-Leaf/leaffeatures/Figures/act1.png  used on input line 662.
(pdftex.def)             Requested size: 140.92792pt x 102.57596pt.
</Users/thiyangashaminitalagala/Lecturer/Papers/Feature-Leaf/leaffeatures/Figur
es/act2.png, id=144, 367.3725pt x 234.8775pt>
File: /Users/thiyangashaminitalagala/Lecturer/Papers/Feature-Leaf/leaffeatures/
Figures/act2.png Graphic file (type png)
<use /Users/thiyangashaminitalagala/Lecturer/Papers/Feature-Leaf/leaffeatures/F
igures/act2.png>
Package pdftex.def Info: /Users/thiyangashaminitalagala/Lecturer/Papers/Feature
-Leaf/leaffeatures/Figures/act2.png  used on input line 662.
(pdftex.def)             Requested size: 140.92792pt x 90.10376pt.
</Users/thiyangashaminitalagala/Lecturer/Papers/Feature-Leaf/leaffeatures/Figur
es/Areacal.png, id=145, 222.07968pt x 183.68625pt>
File: /Users/thiyangashaminitalagala/Lecturer/Papers/Feature-Leaf/leaffeatures/
Figures/Areacal.png Graphic file (type png)
<use /Users/thiyangashaminitalagala/Lecturer/Papers/Feature-Leaf/leaffeatures/F
igures/Areacal.png>
Package pdftex.def Info: /Users/thiyangashaminitalagala/Lecturer/Papers/Feature
-Leaf/leaffeatures/Figures/Areacal.png  used on input line 675.
(pdftex.def)             Requested size: 140.92792pt x 116.56378pt.

LaTeX Warning: Reference `areshape1' on page 11 undefined on input line 686.

</Users/thiyangashaminitalagala/Lecturer/Papers/Feature-Leaf/leaffeatures/Figur
es/c8.png, id=146, 304.13625pt x 161.85469pt>
File: /Users/thiyangashaminitalagala/Lecturer/Papers/Feature-Leaf/leaffeatures/
Figures/c8.png Graphic file (type png)
<use /Users/thiyangashaminitalagala/Lecturer/Papers/Feature-Leaf/leaffeatures/F
igures/c8.png>
Package pdftex.def Info: /Users/thiyangashaminitalagala/Lecturer/Papers/Feature
-Leaf/leaffeatures/Figures/c8.png  used on input line 696.
(pdftex.def)             Requested size: 140.92792pt x 74.99985pt.
</Users/thiyangashaminitalagala/Lecturer/Papers/Feature-Leaf/leaffeatures/Figur
es/perical.png, id=147, 101.62968pt x 140.02313pt>
File: /Users/thiyangashaminitalagala/Lecturer/Papers/Feature-Leaf/leaffeatures/
Figures/perical.png Graphic file (type png)
<use /Users/thiyangashaminitalagala/Lecturer/Papers/Feature-Leaf/leaffeatures/F
igures/perical.png>
Package pdftex.def Info: /Users/thiyangashaminitalagala/Lecturer/Papers/Feature
-Leaf/leaffeatures/Figures/perical.png  used on input line 709.
(pdftex.def)             Requested size: 140.92792pt x 194.17435pt.

LaTeX Warning: Reference `calperi' on page 11 undefined on input line 716.

[11 </Users/thiyangashaminitalagala/Lecturer/Papers/Feature-Leaf/leaffeatures/F
igures/act1.png> </Users/thiyangashaminitalagala/Lecturer/Papers/Feature-Leaf/l
eaffeatures/Figures/act2.png> </Users/thiyangashaminitalagala/Lecturer/Papers/F
eature-Leaf/leaffeatures/Figures/Areacal.png> </Users/thiyangashaminitalagala/L
ecturer/Papers/Feature-Leaf/leaffeatures/Figures/c8.png>]

LaTeX Warning: Reference `eqecc' on page 12 undefined on input line 733.

</Users/thiyangashaminitalagala/Lecturer/Papers/Feature-Leaf/leaffeatures/Figur
es/c11.png, id=167, 318.43968pt x 243.91125pt>
File: /Users/thiyangashaminitalagala/Lecturer/Papers/Feature-Leaf/leaffeatures/
Figures/c11.png Graphic file (type png)
<use /Users/thiyangashaminitalagala/Lecturer/Papers/Feature-Leaf/leaffeatures/F
igures/c11.png>
Package pdftex.def Info: /Users/thiyangashaminitalagala/Lecturer/Papers/Feature
-Leaf/leaffeatures/Figures/c11.png  used on input line 737.
(pdftex.def)             Requested size: 140.92792pt x 107.94281pt.

LaTeX Warning: Reference `shape6' on page 12 undefined on input line 750.


LaTeX Warning: Reference `shape5' on page 12 undefined on input line 754.

</Users/thiyangashaminitalagala/Lecturer/Papers/Feature-Leaf/leaffeatures/Figur
es/c9.png, id=168, 304.13625pt x 159.59625pt>
File: /Users/thiyangashaminitalagala/Lecturer/Papers/Feature-Leaf/leaffeatures/
Figures/c9.png Graphic file (type png)
<use /Users/thiyangashaminitalagala/Lecturer/Papers/Feature-Leaf/leaffeatures/F
igures/c9.png>
Package pdftex.def Info: /Users/thiyangashaminitalagala/Lecturer/Papers/Feature
-Leaf/leaffeatures/Figures/c9.png  used on input line 758.
(pdftex.def)             Requested size: 140.92792pt x 73.95334pt.
[12 </Users/thiyangashaminitalagala/Lecturer/Papers/Feature-Leaf/leaffeatures/F
igures/perical.png> </Users/thiyangashaminitalagala/Lecturer/Papers/Feature-Lea
f/leaffeatures/Figures/c11.png>]
</Users/thiyangashaminitalagala/Lecturer/Papers/Feature-Leaf/leaffeatures/Figur
es/concal.png, id=183, 245.41687pt x 164.11313pt>
File: /Users/thiyangashaminitalagala/Lecturer/Papers/Feature-Leaf/leaffeatures/
Figures/concal.png Graphic file (type png)
<use /Users/thiyangashaminitalagala/Lecturer/Papers/Feature-Leaf/leaffeatures/F
igures/concal.png>
Package pdftex.def Info: /Users/thiyangashaminitalagala/Lecturer/Papers/Feature
-Leaf/leaffeatures/Figures/concal.png  used on input line 773.
(pdftex.def)             Requested size: 140.92792pt x 94.2416pt.

LaTeX Warning: Reference `shconvex' on page 13 undefined on input line 783.


LaTeX Warning: Reference `calround' on page 13 undefined on input line 792.


LaTeX Warning: Reference `shape3' on page 13 undefined on input line 793.

</Users/thiyangashaminitalagala/Lecturer/Papers/Feature-Leaf/leaffeatures/Figur
es/c6.png, id=184, 471.26062pt x 160.34906pt>
File: /Users/thiyangashaminitalagala/Lecturer/Papers/Feature-Leaf/leaffeatures/
Figures/c6.png Graphic file (type png)
<use /Users/thiyangashaminitalagala/Lecturer/Papers/Feature-Leaf/leaffeatures/F
igures/c6.png>
Package pdftex.def Info: /Users/thiyangashaminitalagala/Lecturer/Papers/Feature
-Leaf/leaffeatures/Figures/c6.png  used on input line 803.
(pdftex.def)             Requested size: 140.92792pt x 47.95094pt.

LaTeX Warning: Reference `shape4' on page 13 undefined on input line 815.

</Users/thiyangashaminitalagala/Lecturer/Papers/Feature-Leaf/leaffeatures/Figur
es/c10.png, id=185, 424.58624pt x 197.23688pt>
File: /Users/thiyangashaminitalagala/Lecturer/Papers/Feature-Leaf/leaffeatures/
Figures/c10.png Graphic file (type png)
<use /Users/thiyangashaminitalagala/Lecturer/Papers/Feature-Leaf/leaffeatures/F
igures/c10.png>
Package pdftex.def Info: /Users/thiyangashaminitalagala/Lecturer/Papers/Feature
-Leaf/leaffeatures/Figures/c10.png  used on input line 824.
(pdftex.def)             Requested size: 140.92792pt x 65.46756pt.
</Users/thiyangashaminitalagala/Lecturer/Papers/Feature-Leaf/leaffeatures/Figur
es/c7.png, id=186, 257.46187pt x 163.3603pt>
File: /Users/thiyangashaminitalagala/Lecturer/Papers/Feature-Leaf/leaffeatures/
Figures/c7.png Graphic file (type png)
<use /Users/thiyangashaminitalagala/Lecturer/Papers/Feature-Leaf/leaffeatures/F
igures/c7.png>
Package pdftex.def Info: /Users/thiyangashaminitalagala/Lecturer/Papers/Feature
-Leaf/leaffeatures/Figures/c7.png  used on input line 838.
(pdftex.def)             Requested size: 140.92792pt x 89.4197pt.

LaTeX Warning: Reference `tab:table1' on page 13 undefined on input line 846.

! Misplaced \noalign.
\hline ->\noalign 
                  {\ifnum 0=`}\fi \penalty \@M \futurelet \@let@token \LT@@h...
l.850 \hline
             
Here is how much of TeX's memory you used:
 13317 strings out of 480492
 237544 string characters out of 5896686
 667500 words of memory out of 5000000
 30533 multiletter control sequences out of 15000+600000
 468356 words of font info for 135 fonts, out of 8000000 for 9000
 14 hyphenation exceptions out of 8191
 72i,12n,80p,463b,427s stack positions out of 5000i,500n,10000p,200000b,80000s

!  ==> Fatal error occurred, no output PDF file produced!
